============================= test session starts =============================
platform win32 -- Python 3.13.7, pytest-8.4.1, pluggy-1.6.0 -- C:\Users\Shakour\AppData\Local\Programs\Python\Python313\python.exe
cachedir: .pytest_cache
rootdir: E:\Shakour\MyProjects\AutoProjectManagement\tests
configfile: pytest.ini
plugins: anyio-4.10.0, Faker-37.6.0, cov-6.2.1, mock-3.14.1, xdist-3.8.0
collecting ... collected 122 items

tests\code_tests\01_UnitTests\api\test_auth_models_comprehensive.py::TestUserRegisterRequest::test_valid_registration PASSED [  0%]
tests\code_tests\01_UnitTests\api\test_auth_models_comprehensive.py::TestUserRegisterRequest::test_email_normalization PASSED [  1%]
tests\code_tests\01_UnitTests\api\test_auth_models_comprehensive.py::TestUserRegisterRequest::test_international_names PASSED [  2%]
tests\code_tests\01_UnitTests\api\test_auth_models_comprehensive.py::TestUserRegisterRequest::test_name_length_boundaries PASSED [  3%]
tests\code_tests\01_UnitTests\api\test_auth_models_comprehensive.py::TestUserRegisterRequest::test_email_edge_cases PASSED [  4%]
tests\code_tests\01_UnitTests\api\test_auth_models_comprehensive.py::TestUserRegisterRequest::test_password_complexity_edge_cases PASSED [  4%]
tests\code_tests\01_UnitTests\api\test_auth_models_comprehensive.py::TestUserRegisterRequest::test_name_edge_cases PASSED [  5%]
tests\code_tests\01_UnitTests\api\test_auth_models_comprehensive.py::TestUserRegisterRequest::test_invalid_email_format PASSED [  6%]
tests\code_tests\01_UnitTests\api\test_auth_models_comprehensive.py::TestUserRegisterRequest::test_weak_password_validation PASSED [  7%]
tests\code_tests\01_UnitTests\api\test_auth_models_comprehensive.py::TestUserRegisterRequest::test_missing_required_fields PASSED [  8%]
tests\code_tests\01_UnitTests\api\test_auth_models_comprehensive.py::TestUserRegisterRequest::test_name_length_validation PASSED [  9%]
tests\code_tests\01_UnitTests\api\test_auth_models_comprehensive.py::TestUserRegisterRequest::test_integration_with_error_codes PASSED [  9%]
tests\code_tests\01_UnitTests\api\test_auth_models_comprehensive.py::TestUserRegisterRequest::test_serialization_for_api_use PASSED [ 10%]
tests\code_tests\01_UnitTests\api\test_auth_models_comprehensive.py::TestUserLoginRequest::test_valid_login PASSED [ 11%]
tests\code_tests\01_UnitTests\api\test_auth_models_comprehensive.py::TestUserLoginRequest::test_email_case_preservation_login PASSED [ 12%]
tests\code_tests\01_UnitTests\api\test_auth_models_comprehensive.py::TestUserLoginRequest::test_login_email_edge_cases PASSED [ 13%]
tests\code_tests\01_UnitTests\api\test_auth_models_comprehensive.py::TestUserLoginRequest::test_invalid_login_email PASSED [ 13%]
tests\code_tests\01_UnitTests\api\test_auth_models_comprehensive.py::TestUserLoginRequest::test_missing_login_fields PASSED [ 14%]
tests\code_tests\01_UnitTests\api\test_auth_models_comprehensive.py::TestUserLoginRequest::test_login_serialization PASSED [ 15%]
tests\code_tests\01_UnitTests\api\test_auth_models_comprehensive.py::TestUserProfileResponse::test_user_profile_creation PASSED [ 16%]
tests\code_tests\01_UnitTests\api\test_auth_models_comprehensive.py::TestUserProfileResponse::test_user_profile_optional_fields PASSED [ 17%]
tests\code_tests\01_UnitTests\api\test_auth_models_comprehensive.py::TestUserProfileResponse::test_user_profile_edge_cases PASSED [ 18%]
tests\code_tests\01_UnitTests\api\test_auth_models_comprehensive.py::TestUserProfileResponse::test_user_profile_validation_errors PASSED [ 18%]
tests\code_tests\01_UnitTests\api\test_auth_models_comprehensive.py::TestUserProfileResponse::test_user_profile_serialization PASSED [ 19%]
tests\code_tests\01_UnitTests\api\test_auth_models_comprehensive.py::TestAuthTokenResponse::test_auth_token_creation PASSED [ 20%]
tests\code_tests\01_UnitTests\api\test_auth_models_comprehensive.py::TestAuthTokenResponse::test_default_token_type PASSED [ 21%]
tests\code_tests\01_UnitTests\api\test_auth_models_comprehensive.py::TestAuthTokenResponse::test_token_edge_cases PASSED [ 22%]
tests\code_tests\01_UnitTests\api\test_auth_models_comprehensive.py::TestAuthTokenResponse::test_missing_required_fields PASSED [ 22%]
tests\code_tests\01_UnitTests\api\test_auth_models_comprehensive.py::TestAuthTokenResponse::test_token_response_serialization PASSED [ 23%]
tests\code_tests\01_UnitTests\api\test_auth_models_comprehensive.py::TestLoginSuccessResponse::test_login_success_creation PASSED [ 24%]
tests\code_tests\01_UnitTests\api\test_auth_models_comprehensive.py::TestLoginSuccessResponse::test_default_success_value PASSED [ 25%]
tests\code_tests\01_UnitTests\api\test_auth_models_comprehensive.py::TestLoginSuccessResponse::test_message_edge_cases PASSED [ 26%]
tests\code_tests\01_UnitTests\api\test_auth_models_comprehensive.py::TestLoginSuccessResponse::test_missing_required_fields PASSED [ 27%]
tests\code_tests\01_UnitTests\api\test_auth_models_comprehensive.py::TestLoginSuccessResponse::test_integration_with_success_messages PASSED [ 27%]
tests\code_tests\01_UnitTests\api\test_auth_models_comprehensive.py::TestRegisterSuccessResponse::test_register_success_creation PASSED [ 28%]
tests\code_tests\01_UnitTests\api\test_auth_models_comprehensive.py::TestRegisterSuccessResponse::test_default_success_value_register PASSED [ 29%]
tests\code_tests\01_UnitTests\api\test_auth_models_comprehensive.py::TestRegisterSuccessResponse::test_uuid_edge_cases PASSED [ 30%]
tests\code_tests\01_UnitTests\api\test_auth_models_comprehensive.py::TestRegisterSuccessResponse::test_missing_required_fields_register PASSED [ 31%]
tests\code_tests\01_UnitTests\api\test_auth_models_comprehensive.py::TestRegisterSuccessResponse::test_integration_with_register_success_messages PASSED [ 31%]
tests\code_tests\01_UnitTests\api\test_auth_models_comprehensive.py::TestLoginErrorResponse::test_login_error_creation PASSED [ 32%]
tests\code_tests\01_UnitTests\api\test_auth_models_comprehensive.py::TestLoginErrorResponse::test_default_success_value_error PASSED [ 33%]
tests\code_tests\01_UnitTests\api\test_auth_models_comprehensive.py::TestLoginErrorResponse::test_optional_error_code PASSED [ 34%]
tests\code_tests\01_UnitTests\api\test_auth_models_comprehensive.py::TestLoginErrorResponse::test_error_message_edge_cases PASSED [ 35%]
tests\code_tests\01_UnitTests\api\test_auth_models_comprehensive.py::TestLoginErrorResponse::test_missing_required_message PASSED [ 36%]
tests\code_tests\01_UnitTests\api\test_auth_models_comprehensive.py::TestLoginErrorResponse::test_integration_with_error_codes PASSED [ 36%]
tests\code_tests\01_UnitTests\api\test_auth_models_comprehensive.py::TestRegisterErrorResponse::test_register_error_creation PASSED [ 37%]
tests\code_tests\01_UnitTests\api\test_auth_models_comprehensive.py::TestRegisterErrorResponse::test_default_success_and_optional_fields PASSED [ 38%]
tests\code_tests\01_UnitTests\api\test_auth_models_comprehensive.py::TestRegisterErrorResponse::test_validation_errors_structure PASSED [ 39%]
tests\code_tests\01_UnitTests\api\test_auth_models_comprehensive.py::TestRegisterErrorResponse::test_validation_errors_edge_cases PASSED [ 40%]
tests\code_tests\01_UnitTests\api\test_auth_models_comprehensive.py::TestRegisterErrorResponse::test_missing_required_message_register_error PASSED [ 40%]
tests\code_tests\01_UnitTests\api\test_auth_models_comprehensive.py::TestRegisterErrorResponse::test_integration_with_validation_scenarios PASSED [ 41%]
tests\code_tests\01_UnitTests\api\test_auth_models_comprehensive.py::TestPasswordResetRequest::test_password_reset_request_creation PASSED [ 42%]
tests\code_tests\01_UnitTests\api\test_auth_models_comprehensive.py::TestPasswordResetRequest::test_email_case_preservation_password_reset PASSED [ 43%]
tests\code_tests\01_UnitTests\api\test_auth_models_comprehensive.py::TestPasswordResetRequest::test_password_reset_email_edge_cases PASSED [ 44%]
tests\code_tests\01_UnitTests\api\test_auth_models_comprehensive.py::TestPasswordResetRequest::test_invalid_email_password_reset PASSED [ 45%]
tests\code_tests\01_UnitTests\api\test_auth_models_comprehensive.py::TestPasswordResetRequest::test_missing_email_password_reset PASSED [ 45%]
tests\code_tests\01_UnitTests\api\test_auth_models_comprehensive.py::TestPasswordResetRequest::test_password_reset_serialization PASSED [ 46%]
tests\code_tests\01_UnitTests\api\test_auth_models_comprehensive.py::TestPasswordResetRequest::test_integration_with_auth_examples PASSED [ 47%]
tests\code_tests\01_UnitTests\api\test_auth_models_comprehensive.py::TestAuthConfigResponse::test_auth_config_response_creation PASSED [ 48%]
tests\code_tests\01_UnitTests\api\test_auth_models_comprehensive.py::TestAuthConfigResponse::test_auth_config_edge_cases PASSED [ 49%]
tests\code_tests\01_UnitTests\api\test_auth_models_comprehensive.py::TestAuthConfigResponse::test_missing_required_fields_auth_config PASSED [ 50%]
tests\code_tests\01_UnitTests\api\test_auth_models_comprehensive.py::TestAuthConfigResponse::test_auth_config_serialization PASSED [ 50%]
tests\code_tests\01_UnitTests\api\test_auth_models_comprehensive.py::TestPasswordResetConfirmRequest::test_password_reset_confirm_creation PASSED [ 51%]
tests\code_tests\01_UnitTests\api\test_auth_models_comprehensive.py::TestPasswordResetConfirmRequest::test_password_reset_confirm_edge_cases PASSED [ 52%]
tests\code_tests\01_UnitTests\api\test_auth_models_comprehensive.py::TestPasswordResetConfirmRequest::test_weak_password_reset_confirm PASSED [ 53%]
tests\code_tests\01_UnitTests\api\test_auth_models_comprehensive.py::TestPasswordResetConfirmRequest::test_missing_required_fields_reset_confirm PASSED [ 54%]
tests\code_tests\01_UnitTests\api\test_auth_models_comprehensive.py::TestPasswordResetConfirmRequest::test_password_reset_confirm_serialization PASSED [ 54%]
tests\code_tests\01_UnitTests\api\test_auth_models_comprehensive.py::TestEmailVerifyRequest::test_email_verify_request_creation PASSED [ 55%]
tests\code_tests\01_UnitTests\api\test_auth_models_comprehensive.py::TestEmailVerifyRequest::test_email_verify_token_edge_cases PASSED [ 56%]
tests\code_tests\01_UnitTests\api\test_auth_models_comprehensive.py::TestEmailVerifyRequest::test_missing_token_email_verify PASSED [ 57%]
tests\code_tests\01_UnitTests\api\test_auth_models_comprehensive.py::TestEmailVerifyRequest::test_email_verify_serialization PASSED [ 58%]
tests\code_tests\01_UnitTests\api\test_auth_models_comprehensive.py::TestTokenRefreshRequest::test_token_refresh_request_creation PASSED [ 59%]
tests\code_tests\01_UnitTests\api\test_auth_models_comprehensive.py::TestTokenRefreshRequest::test_token_refresh_edge_cases PASSED [ 59%]
tests\code_tests\01_UnitTests\api\test_auth_models_comprehensive.py::TestTokenRefreshRequest::test_missing_refresh_token PASSED [ 60%]
tests\code_tests\01_UnitTests\api\test_auth_models_comprehensive.py::TestTokenRefreshRequest::test_token_refresh_serialization PASSED [ 61%]
tests\code_tests\01_UnitTests\api\test_auth_models_comprehensive.py::TestTokenRefreshResponse::test_token_refresh_response_creation PASSED [ 62%]
tests\code_tests\01_UnitTests\api\test_auth_models_comprehensive.py::TestTokenRefreshResponse::test_default_token_type_refresh PASSED [ 63%]
tests\code_tests\01_UnitTests\api\test_auth_models_comprehensive.py::TestTokenRefreshResponse::test_token_refresh_response_edge_cases PASSED [ 63%]
tests\code_tests\01_UnitTests\api\test_auth_models_comprehensive.py::TestTokenRefreshResponse::test_missing_required_fields_refresh_response PASSED [ 64%]
tests\code_tests\01_UnitTests\api\test_auth_models_comprehensive.py::TestTokenRefreshResponse::test_token_refresh_response_serialization PASSED [ 65%]
tests\code_tests\01_UnitTests\api\test_auth_models_comprehensive.py::TestLogoutRequest::test_logout_request_creation PASSED [ 66%]
tests\code_tests\01_UnitTests\api\test_auth_models_comprehensive.py::TestLogoutRequest::test_logout_request_optional_session_id PASSED [ 67%]
tests\code_tests\01_UnitTests\api\test_auth_models_comprehensive.py::TestLogoutRequest::test_logout_request_edge_cases PASSED [ 68%]
tests\code_tests\01_UnitTests\api\test_auth_models_comprehensive.py::TestLogoutRequest::test_logout_request_serialization PASSED [ 68%]
tests\code_tests\01_UnitTests\api\test_auth_models_comprehensive.py::TestLogoutResponse::test_logout_response_creation PASSED [ 69%]
tests\code_tests\01_UnitTests\api\test_auth_models_comprehensive.py::TestLogoutResponse::test_logout_response_edge_cases PASSED [ 70%]
tests\code_tests\01_UnitTests\api\test_auth_models_comprehensive.py::TestLogoutResponse::test_missing_required_fields_logout_response PASSED [ 71%]
tests\code_tests\01_UnitTests\api\test_auth_models_comprehensive.py::TestLogoutResponse::test_logout_response_serialization PASSED [ 72%]
tests\code_tests\01_UnitTests\api\test_auth_models_comprehensive.py::TestUserUpdateRequest::test_user_update_request_creation PASSED [ 72%]
tests\code_tests\01_UnitTests\api\test_auth_models_comprehensive.py::TestUserUpdateRequest::test_user_update_with_email PASSED [ 73%]
tests\code_tests\01_UnitTests\api\test_auth_models_comprehensive.py::TestUserUpdateRequest::test_user_update_edge_cases PASSED [ 74%]
tests\code_tests\01_UnitTests\api\test_auth_models_comprehensive.py::TestUserUpdateRequest::test_international_names_update PASSED [ 75%]
tests\code_tests\01_UnitTests\api\test_auth_models_comprehensive.py::TestUserUpdateRequest::test_name_length_validation_update PASSED [ 76%]
tests\code_tests\01_UnitTests\api\test_auth_models_comprehensive.py::TestUserUpdateRequest::test_invalid_email_update PASSED [ 77%]
tests\code_tests\01_UnitTests\api\test_auth_models_comprehensive.py::TestUserUpdateRequest::test_user_update_serialization PASSED [ 77%]
tests\code_tests\01_UnitTests\api\test_auth_models_comprehensive.py::TestPasswordChangeRequest::test_password_change_request_creation PASSED [ 78%]
tests\code_tests\01_UnitTests\api\test_auth_models_comprehensive.py::TestPasswordChangeRequest::test_password_change_edge_cases PASSED [ 79%]
tests\code_tests\01_UnitTests\api\test_auth_models_comprehensive.py::TestPasswordChangeRequest::test_weak_password_validation_change PASSED [ 80%]
tests\code_tests\01_UnitTests\api\test_auth_models_comprehensive.py::TestPasswordChangeRequest::test_missing_required_fields_password_change PASSED [ 81%]
tests\code_tests\01_UnitTests\api\test_auth_models_comprehensive.py::TestPasswordChangeRequest::test_same_password_validation PASSED [ 81%]
tests\code_tests\01_UnitTests\api\test_auth_models_comprehensive.py::TestPasswordChangeRequest::test_password_change_serialization PASSED [ 82%]
tests\code_tests\01_UnitTests\api\test_auth_models_comprehensive.py::TestErrorResponse::test_error_response_creation PASSED [ 83%]
tests\code_tests\01_UnitTests\api\test_auth_models_comprehensive.py::TestErrorResponse::test_default_success_value_error_response PASSED [ 84%]
tests\code_tests\01_UnitTests\api\test_auth_models_comprehensive.py::TestErrorResponse::test_error_response_edge_cases PASSED [ 85%]
tests\code_tests\01_UnitTests\api\test_auth_models_comprehensive.py::TestErrorResponse::test_missing_required_fields_error_response PASSED [ 86%]
tests\code_tests\01_UnitTests\api\test_auth_models_comprehensive.py::TestErrorResponse::test_error_response_serialization PASSED [ 86%]
tests\code_tests\01_UnitTests\api\test_auth_models_comprehensive.py::TestSuccessResponse::test_success_response_creation PASSED [ 87%]
tests\code_tests\01_UnitTests\api\test_auth_models_comprehensive.py::TestSuccessResponse::test_default_success_value_success_response PASSED [ 88%]
tests\code_tests\01_UnitTests\api\test_auth_models_comprehensive.py::TestSuccessResponse::test_optional_data_field PASSED [ 89%]
tests\code_tests\01_UnitTests\api\test_auth_models_comprehensive.py::TestSuccessResponse::test_success_response_edge_cases PASSED [ 90%]
tests\code_tests\01_UnitTests\api\test_auth_models_comprehensive.py::TestSuccessResponse::test_missing_required_fields_success_response PASSED [ 90%]
tests\code_tests\01_UnitTests\api\test_auth_models_comprehensive.py::TestSuccessResponse::test_success_response_serialization PASSED [ 91%]
tests\code_tests\01_UnitTests\api\test_auth_models_comprehensive.py::TestValidationErrorDetail::test_validation_error_detail_creation PASSED [ 92%]
tests\code_tests\01_UnitTests\api\test_auth_models_comprehensive.py::TestValidationErrorDetail::test_optional_value_field PASSED [ 93%]
tests\code_tests\01_UnitTests\api\test_auth_models_comprehensive.py::TestValidationErrorDetail::test_validation_error_detail_edge_cases PASSED [ 94%]
tests\code_tests\01_UnitTests\api\test_auth_models_comprehensive.py::TestValidationErrorDetail::test_missing_required_fields_validation_error_detail PASSED [ 95%]
tests\code_tests\01_UnitTests\api\test_auth_models_comprehensive.py::TestValidationErrorDetail::test_validation_error_detail_serialization PASSED [ 95%]
tests\code_tests\01_UnitTests\api\test_auth_models_comprehensive.py::TestValidationErrorResponse::test_validation_error_response_creation PASSED [ 96%]
tests\code_tests\01_UnitTests\api\test_auth_models_comprehensive.py::TestValidationErrorResponse::test_default_message_value PASSED [ 97%]
tests\code_tests\01_UnitTests\api\test_auth_models_comprehensive.py::TestValidationErrorResponse::test_validation_error_response_edge_cases PASSED [ 98%]
tests\code_tests\01_UnitTests\api\test_auth_models_comprehensive.py::TestValidationErrorResponse::test_missing_required_fields_validation_error_response PASSED [ 99%]
tests\code_tests\01_UnitTests\api\test_auth_models_comprehensive.py::TestValidationErrorResponse::test_validation_error_response_serialization PASSED [100%]

============================= 122 passed in 1.63s =============================
